<?xml version="1.0" encoding="UTF-8"?>
<!-- Generated by org.testng.reporters.JUnitReportReporter -->
<testsuite hostname="Sadia" failures="0" tests="1" name="testCases.TC004_checkBoxAndRadioButton" time="22.393" errors="0" timestamp="2022-07-27T09:46:08 BDT" skipped="0">
  <testcase classname="testCases.TC004_checkBoxAndRadioButton" name="checkBoxAndRadioButtonInIFrame" time="22.393"/>
  <system-out/>
</testsuite> <!-- testCases.TC004_checkBoxAndRadioButton -->
