<?xml version="1.0" encoding="UTF-8"?>
<!-- Generated by org.testng.reporters.JUnitReportReporter -->
<testsuite hostname="Sadia" failures="0" tests="1" name="testCases.TC004_checkBoxAndRadioButtonAdvance" time="8.694" errors="0" timestamp="2022-07-27T12:20:20 BDT" skipped="0">
  <testcase classname="testCases.TC004_checkBoxAndRadioButtonAdvance" name="checkBoxAndRadioButtonInIFrame" time="8.694"/>
  <system-out/>
</testsuite> <!-- testCases.TC004_checkBoxAndRadioButtonAdvance -->
